<?xml version="1.0" encoding="UTF-8"?>
<!-- Generated by org.testng.reporters.JUnitXMLReporter -->
<testsuite hostname="DESKTOP-K9KL98S" ignored="0" name="Test" tests="5" failures="0" timestamp="2021-02-10T22:37:39 IST" time="4.759" errors="0">
  <testcase name="@BeforeMethod setUp" time="2.875" classname="com.tcrew.qa.testcases.HomePageTest">
    <failure type="org.openqa.selenium.SessionNotCreatedException" message="session not created: This version of ChromeDriver only supports Chrome version 89
Current browser version is 88.0.4324.150 with binary path C:\Users\dell\AppData\Local\Google\Chrome\Application\chrome.exe
Build info: version: &amp;apos;3.141.59&amp;apos;, revision: &amp;apos;e82be7d358&amp;apos;, time: &amp;apos;2018-11-14T08:17:03&amp;apos;
System info: host: &amp;apos;DESKTOP-K9KL98S&amp;apos;, ip: &amp;apos;192.168.99.1&amp;apos;, os.name: &amp;apos;Windows 10&amp;apos;, os.arch: &amp;apos;amd64&amp;apos;, os.version: &amp;apos;10.0&amp;apos;, java.version: &amp;apos;1.8.0_241&amp;apos;
Driver info: driver.version: ChromeDriver
remote stacktrace: Backtrace:
	Ordinal0 [0x00EFE7D3+124883]
	Ordinal0 [0x00EFE7B1+124849]
	GetHandleVerifier [0x01148688+193832]
	GetHandleVerifier [0x01163AC5+305509]
	GetHandleVerifier [0x0116021B+291003]
	GetHandleVerifier [0x0115E0AC+282444]
	GetHandleVerifier [0x01184A90+440624]
	GetHandleVerifier [0x011847FC+439964]
	GetHandleVerifier [0x0118154B+426987]
	GetHandleVerifier [0x01164FFD+310941]
	GetHandleVerifier [0x01165D8E+314414]
	GetHandleVerifier [0x01165D19+314297]
	GetHandleVerifier [0x012231EC+1089676]
	GetHandleVerifier [0x012217C9+1082985]
	GetHandleVerifier [0x012213A3+1081923]
	GetHandleVerifier [0x0131D9FD+2115741]
	Ordinal0 [0x0104B82E+1488942]
	Ordinal0 [0x00FE5A7D+1071741]
	Ordinal0 [0x00FE559B+1070491]
	Ordinal0 [0x00FE54B1+1070257]
	Ordinal0 [0x0101FF53+1310547]
	BaseThreadInitThunk [0x75283744+36]
	RtlSetCurrentTransaction [0x774AA064+212]
	RtlSetCurrentTransaction [0x774AA02F+159]
">
      <![CDATA[org.openqa.selenium.SessionNotCreatedException: session not created: This version of ChromeDriver only supports Chrome version 89
Current browser version is 88.0.4324.150 with binary path C:\Users\dell\AppData\Local\Google\Chrome\Application\chrome.exe
Build info: version: '3.141.59', revision: 'e82be7d358', time: '2018-11-14T08:17:03'
System info: host: 'DESKTOP-K9KL98S', ip: '192.168.99.1', os.name: 'Windows 10', os.arch: 'amd64', os.version: '10.0', java.version: '1.8.0_241'
Driver info: driver.version: ChromeDriver
remote stacktrace: Backtrace:
Ordinal0 [0x00EFE7D3+124883]
Ordinal0 [0x00EFE7B1+124849]
GetHandleVerifier [0x01148688+193832]
GetHandleVerifier [0x01163AC5+305509]
GetHandleVerifier [0x0116021B+291003]
GetHandleVerifier [0x0115E0AC+282444]
GetHandleVerifier [0x01184A90+440624]
GetHandleVerifier [0x011847FC+439964]
GetHandleVerifier [0x0118154B+426987]
GetHandleVerifier [0x01164FFD+310941]
GetHandleVerifier [0x01165D8E+314414]
GetHandleVerifier [0x01165D19+314297]
GetHandleVerifier [0x012231EC+1089676]
GetHandleVerifier [0x012217C9+1082985]
GetHandleVerifier [0x012213A3+1081923]
GetHandleVerifier [0x0131D9FD+2115741]
Ordinal0 [0x0104B82E+1488942]
Ordinal0 [0x00FE5A7D+1071741]
Ordinal0 [0x00FE559B+1070491]
Ordinal0 [0x00FE54B1+1070257]
Ordinal0 [0x0101FF53+1310547]
BaseThreadInitThunk [0x75283744+36]
RtlSetCurrentTransaction [0x774AA064+212]
RtlSetCurrentTransaction [0x774AA02F+159]

at org.openqa.selenium.remote.W3CHandshakeResponse.lambda$errorHandler$0(W3CHandshakeResponse.java:62)
at org.openqa.selenium.remote.HandshakeResponse.lambda$getResponseFunction$0(HandshakeResponse.java:30)
at org.openqa.selenium.remote.ProtocolHandshake.lambda$createSession$0(ProtocolHandshake.java:126)
at java.util.stream.ReferencePipeline$3$1.accept(ReferencePipeline.java:193)
at java.util.Spliterators$ArraySpliterator.tryAdvance(Spliterators.java:958)
at java.util.stream.ReferencePipeline.forEachWithCancel(ReferencePipeline.java:126)
at java.util.stream.AbstractPipeline.copyIntoWithCancel(AbstractPipeline.java:499)
at java.util.stream.AbstractPipeline.copyInto(AbstractPipeline.java:486)
at java.util.stream.AbstractPipeline.wrapAndCopyInto(AbstractPipeline.java:472)
at java.util.stream.FindOps$FindOp.evaluateSequential(FindOps.java:152)
at java.util.stream.AbstractPipeline.evaluate(AbstractPipeline.java:234)
at java.util.stream.ReferencePipeline.findFirst(ReferencePipeline.java:464)
at org.openqa.selenium.remote.ProtocolHandshake.createSession(ProtocolHandshake.java:128)
at org.openqa.selenium.remote.ProtocolHandshake.createSession(ProtocolHandshake.java:74)
at org.openqa.selenium.remote.HttpCommandExecutor.execute(HttpCommandExecutor.java:136)
at org.openqa.selenium.remote.service.DriverCommandExecutor.execute(DriverCommandExecutor.java:83)
at org.openqa.selenium.remote.RemoteWebDriver.execute(RemoteWebDriver.java:552)
at org.openqa.selenium.remote.RemoteWebDriver.startSession(RemoteWebDriver.java:213)
at org.openqa.selenium.remote.RemoteWebDriver.<init>(RemoteWebDriver.java:131)
at org.openqa.selenium.chrome.ChromeDriver.<init>(ChromeDriver.java:181)
at org.openqa.selenium.chrome.ChromeDriver.<init>(ChromeDriver.java:168)
at org.openqa.selenium.chrome.ChromeDriver.<init>(ChromeDriver.java:123)
at com.tcrew.qa.base.TestBase.initilization(TestBase.java:46)
at com.tcrew.qa.testcases.HomePageTest.setUp(HomePageTest.java:28)
at java.util.ArrayList.forEach(ArrayList.java:1257)
... Removed 35 stack frames]]>
    </failure>
  </testcase> <!-- @BeforeMethod setUp -->
  <testcase name="@AfterMethod tearDown" time="-1.612976857449E9" classname="com.tcrew.qa.testcases.HomePageTest">
    <skipped/>
  </testcase> <!-- @AfterMethod tearDown -->
  <testcase name="@BeforeMethod setUp" time="-1.612976857457E9" classname="com.tcrew.qa.testcases.HomePageTest">
    <skipped/>
  </testcase> <!-- @BeforeMethod setUp -->
  <testcase name="@AfterMethod tearDown" time="-1.612976857468E9" classname="com.tcrew.qa.testcases.HomePageTest">
    <skipped/>
  </testcase> <!-- @AfterMethod tearDown -->
  <testcase name="@BeforeMethod setUp" time="1.727" classname="com.tcrew.qa.testcases.LoginPageTest">
    <failure type="org.openqa.selenium.SessionNotCreatedException" message="session not created: This version of ChromeDriver only supports Chrome version 89
Current browser version is 88.0.4324.150 with binary path C:\Users\dell\AppData\Local\Google\Chrome\Application\chrome.exe
Build info: version: &amp;apos;3.141.59&amp;apos;, revision: &amp;apos;e82be7d358&amp;apos;, time: &amp;apos;2018-11-14T08:17:03&amp;apos;
System info: host: &amp;apos;DESKTOP-K9KL98S&amp;apos;, ip: &amp;apos;192.168.99.1&amp;apos;, os.name: &amp;apos;Windows 10&amp;apos;, os.arch: &amp;apos;amd64&amp;apos;, os.version: &amp;apos;10.0&amp;apos;, java.version: &amp;apos;1.8.0_241&amp;apos;
Driver info: driver.version: ChromeDriver
remote stacktrace: Backtrace:
	Ordinal0 [0x00EFE7D3+124883]
	Ordinal0 [0x00EFE7B1+124849]
	GetHandleVerifier [0x01148688+193832]
	GetHandleVerifier [0x01163AC5+305509]
	GetHandleVerifier [0x0116021B+291003]
	GetHandleVerifier [0x0115E0AC+282444]
	GetHandleVerifier [0x01184A90+440624]
	GetHandleVerifier [0x011847FC+439964]
	GetHandleVerifier [0x0118154B+426987]
	GetHandleVerifier [0x01164FFD+310941]
	GetHandleVerifier [0x01165D8E+314414]
	GetHandleVerifier [0x01165D19+314297]
	GetHandleVerifier [0x012231EC+1089676]
	GetHandleVerifier [0x012217C9+1082985]
	GetHandleVerifier [0x012213A3+1081923]
	GetHandleVerifier [0x0131D9FD+2115741]
	Ordinal0 [0x0104B82E+1488942]
	Ordinal0 [0x00FE5A7D+1071741]
	Ordinal0 [0x00FE559B+1070491]
	Ordinal0 [0x00FE54B1+1070257]
	Ordinal0 [0x0101FF53+1310547]
	BaseThreadInitThunk [0x75283744+36]
	RtlSetCurrentTransaction [0x774AA064+212]
	RtlSetCurrentTransaction [0x774AA02F+159]
">
      <![CDATA[org.openqa.selenium.SessionNotCreatedException: session not created: This version of ChromeDriver only supports Chrome version 89
Current browser version is 88.0.4324.150 with binary path C:\Users\dell\AppData\Local\Google\Chrome\Application\chrome.exe
Build info: version: '3.141.59', revision: 'e82be7d358', time: '2018-11-14T08:17:03'
System info: host: 'DESKTOP-K9KL98S', ip: '192.168.99.1', os.name: 'Windows 10', os.arch: 'amd64', os.version: '10.0', java.version: '1.8.0_241'
Driver info: driver.version: ChromeDriver
remote stacktrace: Backtrace:
Ordinal0 [0x00EFE7D3+124883]
Ordinal0 [0x00EFE7B1+124849]
GetHandleVerifier [0x01148688+193832]
GetHandleVerifier [0x01163AC5+305509]
GetHandleVerifier [0x0116021B+291003]
GetHandleVerifier [0x0115E0AC+282444]
GetHandleVerifier [0x01184A90+440624]
GetHandleVerifier [0x011847FC+439964]
GetHandleVerifier [0x0118154B+426987]
GetHandleVerifier [0x01164FFD+310941]
GetHandleVerifier [0x01165D8E+314414]
GetHandleVerifier [0x01165D19+314297]
GetHandleVerifier [0x012231EC+1089676]
GetHandleVerifier [0x012217C9+1082985]
GetHandleVerifier [0x012213A3+1081923]
GetHandleVerifier [0x0131D9FD+2115741]
Ordinal0 [0x0104B82E+1488942]
Ordinal0 [0x00FE5A7D+1071741]
Ordinal0 [0x00FE559B+1070491]
Ordinal0 [0x00FE54B1+1070257]
Ordinal0 [0x0101FF53+1310547]
BaseThreadInitThunk [0x75283744+36]
RtlSetCurrentTransaction [0x774AA064+212]
RtlSetCurrentTransaction [0x774AA02F+159]

at org.openqa.selenium.remote.W3CHandshakeResponse.lambda$errorHandler$0(W3CHandshakeResponse.java:62)
at org.openqa.selenium.remote.HandshakeResponse.lambda$getResponseFunction$0(HandshakeResponse.java:30)
at org.openqa.selenium.remote.ProtocolHandshake.lambda$createSession$0(ProtocolHandshake.java:126)
at java.util.stream.ReferencePipeline$3$1.accept(ReferencePipeline.java:193)
at java.util.Spliterators$ArraySpliterator.tryAdvance(Spliterators.java:958)
at java.util.stream.ReferencePipeline.forEachWithCancel(ReferencePipeline.java:126)
at java.util.stream.AbstractPipeline.copyIntoWithCancel(AbstractPipeline.java:499)
at java.util.stream.AbstractPipeline.copyInto(AbstractPipeline.java:486)
at java.util.stream.AbstractPipeline.wrapAndCopyInto(AbstractPipeline.java:472)
at java.util.stream.FindOps$FindOp.evaluateSequential(FindOps.java:152)
at java.util.stream.AbstractPipeline.evaluate(AbstractPipeline.java:234)
at java.util.stream.ReferencePipeline.findFirst(ReferencePipeline.java:464)
at org.openqa.selenium.remote.ProtocolHandshake.createSession(ProtocolHandshake.java:128)
at org.openqa.selenium.remote.ProtocolHandshake.createSession(ProtocolHandshake.java:74)
at org.openqa.selenium.remote.HttpCommandExecutor.execute(HttpCommandExecutor.java:136)
at org.openqa.selenium.remote.service.DriverCommandExecutor.execute(DriverCommandExecutor.java:83)
at org.openqa.selenium.remote.RemoteWebDriver.execute(RemoteWebDriver.java:552)
at org.openqa.selenium.remote.RemoteWebDriver.startSession(RemoteWebDriver.java:213)
at org.openqa.selenium.remote.RemoteWebDriver.<init>(RemoteWebDriver.java:131)
at org.openqa.selenium.chrome.ChromeDriver.<init>(ChromeDriver.java:181)
at org.openqa.selenium.chrome.ChromeDriver.<init>(ChromeDriver.java:168)
at org.openqa.selenium.chrome.ChromeDriver.<init>(ChromeDriver.java:123)
at com.tcrew.qa.base.TestBase.initilization(TestBase.java:46)
at com.tcrew.qa.testcases.LoginPageTest.setUp(LoginPageTest.java:24)
at java.util.ArrayList.forEach(ArrayList.java:1257)
... Removed 35 stack frames]]>
    </failure>
  </testcase> <!-- @BeforeMethod setUp -->
  <testcase name="@AfterMethod tearDown" time="-1.612976859209E9" classname="com.tcrew.qa.testcases.LoginPageTest">
    <skipped/>
  </testcase> <!-- @AfterMethod tearDown -->
  <testcase name="@BeforeMethod setUp" time="-1.612976859211E9" classname="com.tcrew.qa.testcases.LoginPageTest">
    <skipped/>
  </testcase> <!-- @BeforeMethod setUp -->
  <testcase name="@AfterMethod tearDown" time="-1.612976859218E9" classname="com.tcrew.qa.testcases.LoginPageTest">
    <skipped/>
  </testcase> <!-- @AfterMethod tearDown -->
  <testcase name="@BeforeMethod setUp" time="-1.61297685922E9" classname="com.tcrew.qa.testcases.LoginPageTest">
    <skipped/>
  </testcase> <!-- @BeforeMethod setUp -->
  <testcase name="@AfterMethod tearDown" time="-1.612976859226E9" classname="com.tcrew.qa.testcases.LoginPageTest">
    <skipped/>
  </testcase> <!-- @AfterMethod tearDown -->
  <testcase name="verifyHomePageTitleTest" time="0.0" classname="com.tcrew.qa.testcases.HomePageTest">
    <skipped/>
  </testcase> <!-- verifyHomePageTitleTest -->
  <testcase name="verifyUserNameTest" time="0.0" classname="com.tcrew.qa.testcases.HomePageTest">
    <skipped/>
  </testcase> <!-- verifyUserNameTest -->
  <testcase name="loginPageTitleTest" time="0.0" classname="com.tcrew.qa.testcases.LoginPageTest">
    <skipped/>
  </testcase> <!-- loginPageTitleTest -->
  <testcase name="hrmLogoImageTest" time="0.0" classname="com.tcrew.qa.testcases.LoginPageTest">
    <skipped/>
  </testcase> <!-- hrmLogoImageTest -->
  <testcase name="loginTest" time="0.0" classname="com.tcrew.qa.testcases.LoginPageTest">
    <skipped/>
  </testcase> <!-- loginTest -->
</testsuite> <!-- Test -->
