<?xml version="1.0" encoding="UTF-8"?>
<!-- Generated by org.testng.reporters.JUnitReportReporter -->
<testsuite skipped="2" hostname="DESKTOP-K9KL98S" name="com.tcrew.qa.testcases.HomePageTest" tests="3" failures="0" timestamp="2021-02-10T22:37:39 IST" time="2.875" errors="1">
  <testcase name="setUp" time="2.875" classname="com.tcrew.qa.testcases.HomePageTest">
    <error type="org.openqa.selenium.SessionNotCreatedException" message="session not created: This version of ChromeDriver only supports Chrome version 89
Current browser version is 88.0.4324.150 with binary path C:\Users\dell\AppData\Local\Google\Chrome\Application\chrome.exe
Build info: version: &#039;3.141.59&#039;, revision: &#039;e82be7d358&#039;, time: &#039;2018-11-14T08:17:03&#039;
System info: host: &#039;DESKTOP-K9KL98S&#039;, ip: &#039;192.168.99.1&#039;, os.name: &#039;Windows 10&#039;, os.arch: &#039;amd64&#039;, os.version: &#039;10.0&#039;, java.version: &#039;1.8.0_241&#039;
Driver info: driver.version: ChromeDriver
remote stacktrace: Backtrace:
	Ordinal0 [0x00EFE7D3+124883]
	Ordinal0 [0x00EFE7B1+124849]
	GetHandleVerifier [0x01148688+193832]
	GetHandleVerifier [0x01163AC5+305509]
	GetHandleVerifier [0x0116021B+291003]
	GetHandleVerifier [0x0115E0AC+282444]
	GetHandleVerifier [0x01184A90+440624]
	GetHandleVerifier [0x011847FC+439964]
	GetHandleVerifier [0x0118154B+426987]
	GetHandleVerifier [0x01164FFD+310941]
	GetHandleVerifier [0x01165D8E+314414]
	GetHandleVerifier [0x01165D19+314297]
	GetHandleVerifier [0x012231EC+1089676]
	GetHandleVerifier [0x012217C9+1082985]
	GetHandleVerifier [0x012213A3+1081923]
	GetHandleVerifier [0x0131D9FD+2115741]
	Ordinal0 [0x0104B82E+1488942]
	Ordinal0 [0x00FE5A7D+1071741]
	Ordinal0 [0x00FE559B+1070491]
	Ordinal0 [0x00FE54B1+1070257]
	Ordinal0 [0x0101FF53+1310547]
	BaseThreadInitThunk [0x75283744+36]
	RtlSetCurrentTransaction [0x774AA064+212]
	RtlSetCurrentTransaction [0x774AA02F+159]
">
      <![CDATA[org.openqa.selenium.SessionNotCreatedException: session not created: This version of ChromeDriver only supports Chrome version 89
Current browser version is 88.0.4324.150 with binary path C:\Users\dell\AppData\Local\Google\Chrome\Application\chrome.exe
Build info: version: '3.141.59', revision: 'e82be7d358', time: '2018-11-14T08:17:03'
System info: host: 'DESKTOP-K9KL98S', ip: '192.168.99.1', os.name: 'Windows 10', os.arch: 'amd64', os.version: '10.0', java.version: '1.8.0_241'
Driver info: driver.version: ChromeDriver
remote stacktrace: Backtrace:
Ordinal0 [0x00EFE7D3+124883]
Ordinal0 [0x00EFE7B1+124849]
GetHandleVerifier [0x01148688+193832]
GetHandleVerifier [0x01163AC5+305509]
GetHandleVerifier [0x0116021B+291003]
GetHandleVerifier [0x0115E0AC+282444]
GetHandleVerifier [0x01184A90+440624]
GetHandleVerifier [0x011847FC+439964]
GetHandleVerifier [0x0118154B+426987]
GetHandleVerifier [0x01164FFD+310941]
GetHandleVerifier [0x01165D8E+314414]
GetHandleVerifier [0x01165D19+314297]
GetHandleVerifier [0x012231EC+1089676]
GetHandleVerifier [0x012217C9+1082985]
GetHandleVerifier [0x012213A3+1081923]
GetHandleVerifier [0x0131D9FD+2115741]
Ordinal0 [0x0104B82E+1488942]
Ordinal0 [0x00FE5A7D+1071741]
Ordinal0 [0x00FE559B+1070491]
Ordinal0 [0x00FE54B1+1070257]
Ordinal0 [0x0101FF53+1310547]
BaseThreadInitThunk [0x75283744+36]
RtlSetCurrentTransaction [0x774AA064+212]
RtlSetCurrentTransaction [0x774AA02F+159]

at sun.reflect.NativeConstructorAccessorImpl.newInstance0(Native Method)
at sun.reflect.NativeConstructorAccessorImpl.newInstance(NativeConstructorAccessorImpl.java:62)
at sun.reflect.DelegatingConstructorAccessorImpl.newInstance(DelegatingConstructorAccessorImpl.java:45)
at java.lang.reflect.Constructor.newInstance(Constructor.java:423)
at org.openqa.selenium.remote.W3CHandshakeResponse.lambda$errorHandler$0(W3CHandshakeResponse.java:62)
at org.openqa.selenium.remote.HandshakeResponse.lambda$getResponseFunction$0(HandshakeResponse.java:30)
at org.openqa.selenium.remote.ProtocolHandshake.lambda$createSession$0(ProtocolHandshake.java:126)
at java.util.stream.ReferencePipeline$3$1.accept(ReferencePipeline.java:193)
at java.util.Spliterators$ArraySpliterator.tryAdvance(Spliterators.java:958)
at java.util.stream.ReferencePipeline.forEachWithCancel(ReferencePipeline.java:126)
at java.util.stream.AbstractPipeline.copyIntoWithCancel(AbstractPipeline.java:499)
at java.util.stream.AbstractPipeline.copyInto(AbstractPipeline.java:486)
at java.util.stream.AbstractPipeline.wrapAndCopyInto(AbstractPipeline.java:472)
at java.util.stream.FindOps$FindOp.evaluateSequential(FindOps.java:152)
at java.util.stream.AbstractPipeline.evaluate(AbstractPipeline.java:234)
at java.util.stream.ReferencePipeline.findFirst(ReferencePipeline.java:464)
at org.openqa.selenium.remote.ProtocolHandshake.createSession(ProtocolHandshake.java:128)
at org.openqa.selenium.remote.ProtocolHandshake.createSession(ProtocolHandshake.java:74)
at org.openqa.selenium.remote.HttpCommandExecutor.execute(HttpCommandExecutor.java:136)
at org.openqa.selenium.remote.service.DriverCommandExecutor.execute(DriverCommandExecutor.java:83)
at org.openqa.selenium.remote.RemoteWebDriver.execute(RemoteWebDriver.java:552)
at org.openqa.selenium.remote.RemoteWebDriver.startSession(RemoteWebDriver.java:213)
at org.openqa.selenium.remote.RemoteWebDriver.<init>(RemoteWebDriver.java:131)
at org.openqa.selenium.chrome.ChromeDriver.<init>(ChromeDriver.java:181)
at org.openqa.selenium.chrome.ChromeDriver.<init>(ChromeDriver.java:168)
at org.openqa.selenium.chrome.ChromeDriver.<init>(ChromeDriver.java:123)
at com.tcrew.qa.base.TestBase.initilization(TestBase.java:46)
at com.tcrew.qa.testcases.HomePageTest.setUp(HomePageTest.java:28)
at sun.reflect.NativeMethodAccessorImpl.invoke0(Native Method)
at sun.reflect.NativeMethodAccessorImpl.invoke(NativeMethodAccessorImpl.java:62)
at sun.reflect.DelegatingMethodAccessorImpl.invoke(DelegatingMethodAccessorImpl.java:43)
at java.lang.reflect.Method.invoke(Method.java:498)
at org.testng.internal.MethodInvocationHelper.invokeMethod(MethodInvocationHelper.java:134)
at org.testng.internal.MethodInvocationHelper.invokeMethodConsideringTimeout(MethodInvocationHelper.java:63)
at org.testng.internal.ConfigInvoker.invokeConfigurationMethod(ConfigInvoker.java:348)
at org.testng.internal.ConfigInvoker.invokeConfigurations(ConfigInvoker.java:302)
at org.testng.internal.TestInvoker.runConfigMethods(TestInvoker.java:695)
at org.testng.internal.TestInvoker.invokeMethod(TestInvoker.java:523)
at org.testng.internal.TestInvoker.invokeTestMethod(TestInvoker.java:173)
at org.testng.internal.MethodRunner.runInSequence(MethodRunner.java:46)
at org.testng.internal.TestInvoker$MethodInvocationAgent.invoke(TestInvoker.java:816)
at org.testng.internal.TestInvoker.invokeTestMethods(TestInvoker.java:146)
at org.testng.internal.TestMethodWorker.invokeTestMethods(TestMethodWorker.java:146)
at org.testng.internal.TestMethodWorker.run(TestMethodWorker.java:128)
at java.util.ArrayList.forEach(ArrayList.java:1257)
at org.testng.TestRunner.privateRun(TestRunner.java:766)
at org.testng.TestRunner.run(TestRunner.java:587)
at org.testng.SuiteRunner.runTest(SuiteRunner.java:384)
at org.testng.SuiteRunner.runSequentially(SuiteRunner.java:378)
at org.testng.SuiteRunner.privateRun(SuiteRunner.java:337)
at org.testng.SuiteRunner.run(SuiteRunner.java:286)
at org.testng.SuiteRunnerWorker.runSuite(SuiteRunnerWorker.java:53)
at org.testng.SuiteRunnerWorker.run(SuiteRunnerWorker.java:96)
at org.testng.TestNG.runSuitesSequentially(TestNG.java:1187)
at org.testng.TestNG.runSuitesLocally(TestNG.java:1109)
at org.testng.TestNG.runSuites(TestNG.java:1039)
at org.testng.TestNG.run(TestNG.java:1007)
at org.testng.remote.AbstractRemoteTestNG.run(AbstractRemoteTestNG.java:115)
at org.testng.remote.RemoteTestNG.initAndRun(RemoteTestNG.java:251)
at org.testng.remote.RemoteTestNG.main(RemoteTestNG.java:77)
]]>
    </error>
  </testcase> <!-- setUp -->
  <system-out/>
  <testcase name="verifyHomePageTitleTest" time="0.000" classname="com.tcrew.qa.testcases.HomePageTest">
    <skipped/>
  </testcase> <!-- verifyHomePageTitleTest -->
  <system-out/>
  <testcase name="verifyUserNameTest" time="0.000" classname="com.tcrew.qa.testcases.HomePageTest">
    <skipped/>
  </testcase> <!-- verifyUserNameTest -->
  <system-out/>
</testsuite> <!-- com.tcrew.qa.testcases.HomePageTest -->
